<?xml version="1.0" encoding="UTF-8"?>
<!-- Generated by org.testng.reporters.JUnitReportReporter -->
<testsuite skipped="0" hostname="USGPSNYCM212936.local" name="testngpack.annotations" tests="2" failures="0" timestamp="07 Feb 2018 23:39:54 GMT" time="0.015" errors="0">
  <testcase name="OpeningBrowser" time="0.004" classname="testngpack.annotations"/>
  <testcase name="ClosingBrowser" time="0.011" classname="testngpack.annotations"/>
</testsuite> <!-- testngpack.annotations -->
