<?xml version="1.0" encoding="UTF-8"?>
<!-- Generated by org.testng.reporters.JUnitReportReporter -->
<testsuite skipped="0" hostname="USGPSNYCM212936.local" name="testngpack.Annot2" tests="1" failures="0" timestamp="08 Feb 2018 01:05:06 GMT" time="0.006" errors="0">
  <testcase name="runTest" time="0.006" classname="testngpack.Annot2"/>
</testsuite> <!-- testngpack.Annot2 -->
