<?xml version="1.0" encoding="UTF-8"?>
<!-- Generated by org.testng.reporters.JUnitReportReporter -->
<testsuite skipped="0" hostname="USGPSNYCM212936.local" name="testngpack.annotations" tests="2" failures="0" timestamp="08 Feb 2018 01:05:01 GMT" time="0.006" errors="0">
  <testcase name="OpeningBrowser" time="0.003" classname="testngpack.annotations"/>
  <testcase name="ClosingBrowser" time="0.003" classname="testngpack.annotations"/>
</testsuite> <!-- testngpack.annotations -->
